Do NOT use tasks with range queries. There will probably be undefined behavior.
Loading input arraylist
Sorted 100000000 initial keys
Loading index arraylist
range 100000000
Pre-calculating end keys for SCAN operations...
End key calculation complete. Found 95001415 scan operations.
Processing operations
Processing loading
Processing index run
Processing loading
Processing index run
Processing loading
Processing index run
Processing loading
Processing index run
Processing loading
Processing index run
Processing loading
Processing index run
Report:
--------
50th: 13800
90th: 20500
99th: 29900
99.9th: 536800
99.99th: 10885300
Max: 67380300
--------
load: 45.684828678876926
run: 5.537163156790925
--------
Completed
Do NOT use tasks with range queries. There will probably be undefined behavior.
Loading input arraylist
Sorted 100000000 initial keys
Loading index arraylist
range 100000000
Pre-calculating end keys for SCAN operations...
End key calculation complete. Found 94999763 scan operations.
Processing operations
Processing loading
Processing index run
Processing loading
Processing index run
Processing loading
Processing index run
Processing loading
Processing index run
Processing loading
Processing index run
Processing loading
Processing index run
Report:
--------
50th: 13600
90th: 18900
99th: 23700
99.9th: 418300
99.99th: 6358500
Max: 53581800
--------
load: 56.18196985190069
run: 6.173775522191051
--------
Completed
2 uniform
Do NOT use tasks with range queries. There will probably be undefined behavior.
Loading input arraylist
Sorted 100000000 initial keys
Loading index arraylist
Pre-calculating end keys for SCAN operations...
End key calculation complete. Found 0 scan operations.
Processing operations
Processing loading
Processing index run
Processing loading
Processing index run
Processing loading
Processing index run
Processing loading
Processing index run
Processing loading
Processing index run
Processing loading
Processing index run
Report:
--------
load: 0.4919030700896379
run: 0.38113784293696334
--------
Completed
Do NOT use tasks with range queries. There will probably be undefined behavior.
Loading input arraylist
Sorted 100000000 initial keys
Loading index arraylist
Pre-calculating end keys for SCAN operations...
End key calculation complete. Found 0 scan operations.
Processing operations
Processing loading
Processing index run
Processing loading
Processing index run
Processing loading
Processing index run
Processing loading
Processing index run
Processing loading
Processing index run
Processing loading
Processing index run
Report:
--------
load: 0.4958949069846246
run: 0.4764429873797133
--------
Completed
Do NOT use tasks with range queries. There will probably be undefined behavior.
Loading input arraylist
Sorted 100000000 initial keys
Loading index arraylist
Pre-calculating end keys for SCAN operations...
End key calculation complete. Found 0 scan operations.
Processing operations
Processing loading
Processing index run
Processing loading
Processing index run
Processing loading
Processing index run
Processing loading
Processing index run
Processing loading
Processing index run
Processing loading
Processing index run
Report:
--------
load: 0.5031419682528468
run: 0.3628573398305401
--------
Completed
2 zipfian
Do NOT use tasks with range queries. There will probably be undefined behavior.
Loading input arraylist
Sorted 100000000 initial keys
Loading index arraylist
Pre-calculating end keys for SCAN operations...
End key calculation complete. Found 0 scan operations.
Processing operations
Processing loading
Processing index run
Processing loading
Processing index run
Processing loading
Processing index run
Processing loading
Processing index run
Processing loading
Processing index run
Processing loading
Processing index run
Report:
--------
load: 0.49958208265269055
run: 0.43274926430627314
--------
Completed
Do NOT use tasks with range queries. There will probably be undefined behavior.
Loading input arraylist
Sorted 100000000 initial keys
Loading index arraylist
Pre-calculating end keys for SCAN operations...
End key calculation complete. Found 0 scan operations.
Processing operations
Processing loading
Processing index run
Processing loading
Processing index run
Processing loading
Processing index run
Processing loading
Processing index run
Processing loading
Processing index run
Processing loading
Processing index run
Report:
--------
load: 0.4922401918887138
run: 0.5504259310376276
--------
Completed
Do NOT use tasks with range queries. There will probably be undefined behavior.
Loading input arraylist
Sorted 100000000 initial keys
Loading index arraylist
Pre-calculating end keys for SCAN operations...
End key calculation complete. Found 0 scan operations.
Processing operations
Processing loading
Processing index run
Processing loading
Processing index run
Processing loading
Processing index run
Processing loading
Processing index run
Processing loading
Processing index run
Processing loading
Processing index run
Report:
--------
load: 0.5114877072617708
run: 0.36149993923683543
--------
Completed
1 uniform
Do NOT use tasks with range queries. There will probably be undefined behavior.
Loading input arraylist
Sorted 100000000 initial keys
Loading index arraylist
Pre-calculating end keys for SCAN operations...
End key calculation complete. Found 0 scan operations.
Processing operations
Processing loading
Processing index run
Processing loading
Processing index run
Processing loading
Processing index run
Processing loading
Processing index run
Processing loading
Processing index run
Processing loading
Processing index run
Report:
--------
load: 0.25589106411814033
run: 0.20307580150932264
--------
Completed
Do NOT use tasks with range queries. There will probably be undefined behavior.
Loading input arraylist
Sorted 100000000 initial keys
Loading index arraylist
Pre-calculating end keys for SCAN operations...
End key calculation complete. Found 0 scan operations.
Processing operations
Processing loading
Processing index run
Processing loading
Processing index run
Processing loading
Processing index run
Processing loading
Processing index run
Processing loading
Processing index run
Processing loading
Processing index run
Report:
--------
load: 0.257059656236063
run: 0.23327936704589397
--------
Completed
Do NOT use tasks with range queries. There will probably be undefined behavior.
Loading input arraylist
Sorted 100000000 initial keys
Loading index arraylist
Pre-calculating end keys for SCAN operations...
End key calculation complete. Found 0 scan operations.
Processing operations
Processing loading
Processing index run
Processing loading
Processing index run
Processing loading
Processing index run
Processing loading
Processing index run
Processing loading
Processing index run
Processing loading
Processing index run
Report:
--------
load: 0.24278535231627293
run: 0.18276002585224083
--------
Completed
1 zipfian
Do NOT use tasks with range queries. There will probably be undefined behavior.
Loading input arraylist
Sorted 100000000 initial keys
Loading index arraylist
Pre-calculating end keys for SCAN operations...
End key calculation complete. Found 0 scan operations.
Processing operations
Processing loading
Processing index run
Processing loading
Processing index run
Processing loading
Processing index run
Processing loading
Processing index run
Processing loading
Processing index run
Processing loading
Processing index run
Report:
--------
load: 0.2518809667518307
run: 0.21434317446695922
--------
Completed
Do NOT use tasks with range queries. There will probably be undefined behavior.
Loading input arraylist
Sorted 100000000 initial keys
Loading index arraylist
Pre-calculating end keys for SCAN operations...
End key calculation complete. Found 0 scan operations.
Processing operations
Processing loading
Processing index run
Processing loading
Processing index run
Processing loading
Processing index run
Processing loading
Processing index run
Processing loading
Processing index run
Processing loading
Processing index run
Report:
--------
load: 0.25542975758419006
run: 0.27379024147496234
--------
Completed
Do NOT use tasks with range queries. There will probably be undefined behavior.
Loading input arraylist
Sorted 100000000 initial keys
Loading index arraylist
Pre-calculating end keys for SCAN operations...
End key calculation complete. Found 0 scan operations.
Processing operations
Processing loading
Processing index run
Processing loading
Processing index run
Processing loading
Processing index run
Processing loading
Processing index run
Processing loading
Processing index run
Processing loading
Processing index run
Report:
--------
load: 0.25327882578905325
run: 0.17862405281107246
--------
Completed
